<?xml version="1.0" encoding="UTF-8"?>
<testsuite name="bridgelabz.FindMaxNumberTest" tests="1" skipped="0" failures="0" errors="0" timestamp="2021-03-25T01:43:54" hostname="LAPTOP-743500D5" time="0.026">
  <properties/>
  <testcase name="Float_FirstNumberIsMax_ReturnSame()" classname="bridgelabz.FindMaxNumberTest" time="0.026"/>
  <system-out><![CDATA[]]></system-out>
  <system-err><![CDATA[]]></system-err>
</testsuite>
